<?xml version="1.0" encoding="UTF-8"?>
<!-- Generated by org.testng.reporters.JUnitXMLReporter -->
<testsuite hostname="LAPTOP-32UE97G2" ignored="0" name="Default test" tests="3" failures="0" timestamp="25 Jun 2021 15:43:27 GMT" time="9.071" errors="0">
  <testcase name="testRegisterAPI" time="5.95" classname="com.jakartalabs.assignment3may2021.APITests"/>
  <testcase name="verifyProfileAPI" time="1.556" classname="com.jakartalabs.assignment3may2021.APITests"/>
  <testcase name="logoutAPI" time="1.53" classname="com.jakartalabs.assignment3may2021.APITests"/>
</testsuite> <!-- Default test -->
