<?xml version="1.0" encoding="UTF-8"?>
<!-- Generated by org.testng.reporters.JUnitXMLReporter -->
<testsuite hostname="LAPTOP-32UE97G2" ignored="0" name="Default test" tests="3" failures="0" timestamp="25 Jun 2021 15:36:34 GMT" time="9.373" errors="0">
  <testcase name="testRegisterAPI" time="5.984" classname="com.jakartalabs.assignment3may2021.APITests"/>
  <testcase name="verifyProfileAPI" time="1.701" classname="com.jakartalabs.assignment3may2021.APITests"/>
  <testcase name="logoutAPI" time="1.626" classname="com.jakartalabs.assignment3may2021.APITests"/>
</testsuite> <!-- Default test -->
