<?xml version="1.0" encoding="UTF-8"?>
<!-- Generated by org.testng.reporters.JUnitXMLReporter -->
<testsuite hostname="LAPTOP-32UE97G2" ignored="0" name="Web Tests" tests="3" failures="0" timestamp="27 Jun 2021 02:59:41 GMT" time="15.806" errors="0">
  <testcase name="testRegisterAPI" time="7.919" classname="com.jakartalabs.assignment3may2021.tests.APITests"/>
  <testcase name="verifyProfileAPI" time="2.253" classname="com.jakartalabs.assignment3may2021.tests.APITests"/>
  <testcase name="logoutAPI" time="5.571" classname="com.jakartalabs.assignment3may2021.tests.APITests"/>
</testsuite> <!-- Web Tests -->
