<?xml version="1.0" encoding="UTF-8"?>
<!-- Generated by org.testng.reporters.JUnitXMLReporter -->
<testsuite hostname="LAPTOP-32UE97G2" ignored="0" name="Web Tests" tests="3" failures="0" timestamp="27 Jun 2021 02:02:10 GMT" time="11.117" errors="0">
  <testcase name="testRegisterAPI" time="7.671" classname="com.jakartalabs.assignment3may2021.tests.APITests"/>
  <testcase name="verifyProfileAPI" time="1.8" classname="com.jakartalabs.assignment3may2021.tests.APITests"/>
  <testcase name="logoutAPI" time="1.571" classname="com.jakartalabs.assignment3may2021.tests.APITests"/>
</testsuite> <!-- Web Tests -->
