<?xml version="1.0" encoding="UTF-8"?>
<!-- Generated by org.testng.reporters.JUnitXMLReporter -->
<testsuite hostname="LAPTOP-32UE97G2" ignored="0" name="Web Tests" tests="3" failures="0" timestamp="26 Jun 2021 04:02:53 GMT" time="11.597" errors="0">
  <testcase name="testRegisterAPI" time="7.851" classname="com.jakartalabs.assignment3may2021.tests.APITests"/>
  <testcase name="verifyProfileAPI" time="1.812" classname="com.jakartalabs.assignment3may2021.tests.APITests"/>
  <testcase name="logoutAPI" time="1.881" classname="com.jakartalabs.assignment3may2021.tests.APITests"/>
</testsuite> <!-- Web Tests -->
