<?xml version="1.0" encoding="UTF-8"?>
<testng-results skipped="0" failed="0" ignored="0" total="3" passed="3">
  <reporter-output>
  </reporter-output>
  <suite name="Default suite" duration-ms="9373" started-at="2021-06-25T15:36:25Z" finished-at="2021-06-25T15:36:34Z">
    <groups>
    </groups>
    <test name="Default test" duration-ms="9373" started-at="2021-06-25T15:36:25Z" finished-at="2021-06-25T15:36:34Z">
      <class name="com.jakartalabs.assignment3may2021.APITests">
        <test-method status="PASS" signature="testRegisterAPI()[pri:1, instance:com.jakartalabs.assignment3may2021.APITests@207ea13]" name="testRegisterAPI" duration-ms="5984" started-at="2021-06-25T15:36:25Z" finished-at="2021-06-25T15:36:31Z">
          <reporter-output>
          </reporter-output>
        </test-method> <!-- testRegisterAPI -->
        <test-method status="PASS" signature="verifyProfileAPI()[pri:2, instance:com.jakartalabs.assignment3may2021.APITests@207ea13]" name="verifyProfileAPI" duration-ms="1701" started-at="2021-06-25T15:36:31Z" finished-at="2021-06-25T15:36:33Z">
          <reporter-output>
          </reporter-output>
        </test-method> <!-- verifyProfileAPI -->
        <test-method status="PASS" signature="logoutAPI()[pri:3, instance:com.jakartalabs.assignment3may2021.APITests@207ea13]" name="logoutAPI" duration-ms="1626" started-at="2021-06-25T15:36:33Z" finished-at="2021-06-25T15:36:34Z">
          <reporter-output>
          </reporter-output>
        </test-method> <!-- logoutAPI -->
      </class> <!-- com.jakartalabs.assignment3may2021.APITests -->
    </test> <!-- Default test -->
  </suite> <!-- Default suite -->
</testng-results>
